

Version:	3.50
CmdLine:	C:\Users\sspea\Downloads\CS\untitled\out\artifacts\untitled_jar\Stopwatch.exe --l4j-debug
JNI:		No
WOW64:		Yes
Working dir:	C:\Users\sspea\Downloads\CS\untitled\out\artifacts\untitled_jar\.
Requires JDK:	No
Requires 64-Bit: No
Java min ver:	1.011.000
Java max ver:	
Substitute:	JAVA_HOME = C:\Users\sspea\Downloads\CS
Substitute:	PATH = C:\Program Files\Common Files\Oracle\Java\javapath;C:\Users\sspea\Downloads\CS\bin;C:\Windows\system32;C:\Windows;C:\Windows\System32\Wbem;C:\Windows\System32\WindowsPowerShell\v1.0\;C:\Windows\System32\OpenSSH\;C:\Program Files\Intel\WiFi\bin\;C:\Program Files\Common Files\Intel\WirelessCommon\;C:\Program Files (x86)\NVIDIA Corporation\PhysX\Common;C:\Program Files\NVIDIA Corporation\NVIDIA NvDLISR;C:\WINDOWS\system32;C:\WINDOWS;C:\WINDOWS\System32\Wbem;C:\WINDOWS\System32\WindowsPowerShell\v1.0\;C:\WINDOWS\System32\OpenSSH\;C:\Program Files\Bandizip\;C:\Program Files (x86)\Microsoft SQL Server\160\Tools\Binn\;C:\Program Files\Microsoft SQL Server\160\Tools\Binn\;C:\Program Files\Microsoft SQL Server\Client SDK\ODBC\170\Tools\Binn\;C:\Program Files\Microsoft SQL Server\160\DTS\Binn\;C:\Program Files (x86)\Microsoft SQL Server\160\DTS\Binn\;C:\Program Files\Azure Data Studio\bin;C:\Program Files\nodejs\;C:\Program Files\Git\cmd;C:\Program Files\PowerShell\7\;C:\Users\sspea\Downloads\CS;C:\Users\sspea\AppData\Local\Programs\Python\Python311\Scripts\;C:\Users\sspea\AppData\Local\Programs\Python\Python311\;C:\Users\sspea\AppData\Local\Microsoft\WindowsApps;C:\Program Files\Intel\WiFi\bin\;C:\Program Files\Common Files\Intel\WirelessCommon\;;C:\Users\sspea\AppData\Local\Programs\Microsoft VS Code\bin;C:\Program Files\Azure Data Studio\bin;C:\Program Files\JetBrains\IntelliJ IDEA Community Edition 2023.3.3\bin;C:\Program Files\MariaDB 11.4\bin;;C:\Users\sspea\AppData\Roaming\npm;C:\Program Files\Java\jdk-11\bin
JRE paths:	C:\Users\sspea\Downloads\CS;C:\Program Files\Common Files\Oracle\Java\javapath;C:\Users\sspea\Downloads\CS\bin;C:\Windows\system32;C:\Windows;C:\Windows\System32\Wbem;C:\Windows\System32\WindowsPowerShell\v1.0\;C:\Windows\System32\OpenSSH\;C:\Program Files\Intel\WiFi\bin\;C:\Program Files\Common Files\Intel\WirelessCommon\;C:\Program Files (x86)\NVIDIA Corporation\PhysX\Common;C:\Program Files\NVIDIA Corporation\NVIDIA NvDLISR;C:\WINDOWS\system32;C:\WINDOWS;C:\WINDOWS\System32\Wbem;C:\WINDOWS\System32\WindowsPowerShell\v1.0\;C:\WINDOWS\System32\OpenSSH\;C:\Program Files\Bandizip\;C:\Program Files (x86)\Microsoft SQL Server\160\Tools\Binn\;C:\Program Files\Microsoft SQL Server\160\Tools\Binn\;C:\Program Files\Microsoft SQL Server\Client SDK\ODBC\170\Tools\Binn\;C:\Program Files\Microsoft SQL Server\160\DTS\Binn\;C:\Program Files (x86)\Microsoft SQL Server\160\DTS\Binn\;C:\Program Files\Azure Data Studio\bin;C:\Program Files\nodejs\;C:\Program Files\Git\cmd;C:\Program Files\PowerShell\7\;C:\Users\sspea\Downloads\CS;C:\Users\sspea\AppData\Local\Programs\Python\Python311\Scripts\;C:\Users\sspea\AppData\Local\Programs\Python\Python311\;C:\Users\sspea\AppData\Local\Microsoft\WindowsApps;C:\Program Files\Intel\WiFi\bin\;C:\Program Files\Common Files\Intel\WirelessCommon\;;C:\Users\sspea\AppData\Local\Programs\Microsoft VS Code\bin;C:\Program Files\Azure Data Studio\bin;C:\Program Files\JetBrains\IntelliJ IDEA Community Edition 2023.3.3\bin;C:\Program Files\MariaDB 11.4\bin;;C:\Users\sspea\AppData\Roaming\npm;C:\Program Files\Java\jdk-11\bin
Check launcher:	C:\Users\sspea\Downloads\CS\bin\javaw.exe (not found)
Check launcher:	C:\Program Files\Common Files\Oracle\Java\javapath\bin\javaw.exe (not found)
Check launcher:	C:\Users\sspea\Downloads\CS\bin\javaw.exe (not found)
Check launcher:	C:\Windows\system32\bin\javaw.exe (not found)
Check launcher:	C:\Windows\bin\javaw.exe (not found)
Check launcher:	C:\Windows\System32\Wbem\bin\javaw.exe (not found)
Check launcher:	C:\Windows\System32\WindowsPowerShell\v1.0\bin\javaw.exe (not found)
Check launcher:	C:\Windows\System32\OpenSSH\bin\javaw.exe (not found)
Check launcher:	C:\Program Files\Intel\WiFi\bin\bin\javaw.exe (not found)
Check launcher:	C:\Program Files\Common Files\Intel\WirelessCommon\bin\javaw.exe (not found)
Check launcher:	C:\Program Files (x86)\NVIDIA Corporation\PhysX\Common\bin\javaw.exe (not found)
Check launcher:	C:\Program Files\NVIDIA Corporation\NVIDIA NvDLISR\bin\javaw.exe (not found)
Check launcher:	C:\WINDOWS\system32\bin\javaw.exe (not found)
Check launcher:	C:\WINDOWS\bin\javaw.exe (not found)
Check launcher:	C:\WINDOWS\System32\Wbem\bin\javaw.exe (not found)
Check launcher:	C:\WINDOWS\System32\WindowsPowerShell\v1.0\bin\javaw.exe (not found)
Check launcher:	C:\WINDOWS\System32\OpenSSH\bin\javaw.exe (not found)
Check launcher:	C:\Program Files\Bandizip\bin\javaw.exe (not found)
Check launcher:	C:\Program Files (x86)\Microsoft SQL Server\160\Tools\Binn\bin\javaw.exe (not found)
Check launcher:	C:\Program Files\Microsoft SQL Server\160\Tools\Binn\bin\javaw.exe (not found)
Check launcher:	C:\Program Files\Microsoft SQL Server\Client SDK\ODBC\170\Tools\Binn\bin\javaw.exe (not found)
Check launcher:	C:\Program Files\Microsoft SQL Server\160\DTS\Binn\bin\javaw.exe (not found)
Check launcher:	C:\Program Files (x86)\Microsoft SQL Server\160\DTS\Binn\bin\javaw.exe (not found)
Check launcher:	C:\Program Files\Azure Data Studio\bin\javaw.exe (not found)
Check launcher:	C:\Program Files\nodejs\bin\javaw.exe (not found)
Check launcher:	C:\Program Files\Git\cmd\bin\javaw.exe (not found)
Check launcher:	C:\Program Files\PowerShell\7\bin\javaw.exe (not found)
Check launcher:	C:\Users\sspea\Downloads\CS\bin\javaw.exe (not found)
Check launcher:	C:\Users\sspea\AppData\Local\Programs\Python\Python311\Scripts\bin\javaw.exe (not found)
Check launcher:	C:\Users\sspea\AppData\Local\Programs\Python\Python311\bin\javaw.exe (not found)
Check launcher:	C:\Users\sspea\AppData\Local\Microsoft\WindowsApps\bin\javaw.exe (not found)
Check launcher:	C:\Program Files\Intel\WiFi\bin\bin\javaw.exe (not found)
Check launcher:	C:\Program Files\Common Files\Intel\WirelessCommon\bin\javaw.exe (not found)
Check launcher:	C:\Users\sspea\AppData\Local\Programs\Microsoft VS Code\bin\javaw.exe (not found)
Check launcher:	C:\Program Files\Azure Data Studio\bin\javaw.exe (not found)
Check launcher:	C:\Program Files\JetBrains\IntelliJ IDEA Community Edition 2023.3.3\bin\javaw.exe (not found)
Check launcher:	C:\Program Files\MariaDB 11.4\bin\javaw.exe (not found)
Check launcher:	C:\Users\sspea\AppData\Roaming\npm\bin\javaw.exe (not found)
Check launcher:	C:\Program Files\Java\jdk-11\bin\javaw.exe (OK)
Version string: 1.011.000_022 / 64-Bit (OK)
Launcher:	C:\Program Files\Java\jdk-11\bin\javaw.exe
Launcher args:	-jar "C:\Users\sspea\Downloads\CS\untitled\out\artifacts\untitled_jar\Stopwatch.exe"
Args length:	84/32768 chars
Exit code:	0


Version:	3.50
CmdLine:	C:\Users\sspea\Downloads\CS\untitled\out\artifacts\untitled_jar\Stopwatch.exe --l4j-debug
JNI:		No
WOW64:		Yes
Working dir:	C:\Users\sspea\Downloads\CS\untitled\out\artifacts\untitled_jar\.
Requires JDK:	No
Requires 64-Bit: No
Java min ver:	1.011.000
Java max ver:	
Substitute:	JAVA_HOME = C:\Users\sspea\Downloads\CS
Substitute:	PATH = C:\Program Files\Common Files\Oracle\Java\javapath;C:\Users\sspea\Downloads\CS\bin;C:\Windows\system32;C:\Windows;C:\Windows\System32\Wbem;C:\Windows\System32\WindowsPowerShell\v1.0\;C:\Windows\System32\OpenSSH\;C:\Program Files\Intel\WiFi\bin\;C:\Program Files\Common Files\Intel\WirelessCommon\;C:\Program Files (x86)\NVIDIA Corporation\PhysX\Common;C:\Program Files\NVIDIA Corporation\NVIDIA NvDLISR;C:\WINDOWS\system32;C:\WINDOWS;C:\WINDOWS\System32\Wbem;C:\WINDOWS\System32\WindowsPowerShell\v1.0\;C:\WINDOWS\System32\OpenSSH\;C:\Program Files\Bandizip\;C:\Program Files (x86)\Microsoft SQL Server\160\Tools\Binn\;C:\Program Files\Microsoft SQL Server\160\Tools\Binn\;C:\Program Files\Microsoft SQL Server\Client SDK\ODBC\170\Tools\Binn\;C:\Program Files\Microsoft SQL Server\160\DTS\Binn\;C:\Program Files (x86)\Microsoft SQL Server\160\DTS\Binn\;C:\Program Files\Azure Data Studio\bin;C:\Program Files\nodejs\;C:\Program Files\Git\cmd;C:\Program Files\PowerShell\7\;C:\Users\sspea\Downloads\CS;C:\Users\sspea\AppData\Local\Programs\Python\Python311\Scripts\;C:\Users\sspea\AppData\Local\Programs\Python\Python311\;C:\Users\sspea\AppData\Local\Microsoft\WindowsApps;C:\Program Files\Intel\WiFi\bin\;C:\Program Files\Common Files\Intel\WirelessCommon\;;C:\Users\sspea\AppData\Local\Programs\Microsoft VS Code\bin;C:\Program Files\Azure Data Studio\bin;C:\Program Files\JetBrains\IntelliJ IDEA Community Edition 2023.3.3\bin;C:\Program Files\MariaDB 11.4\bin;;C:\Users\sspea\AppData\Roaming\npm;C:\Program Files\Java\jdk-11\bin
JRE paths:	C:\Users\sspea\Downloads\CS;C:\Program Files\Common Files\Oracle\Java\javapath;C:\Users\sspea\Downloads\CS\bin;C:\Windows\system32;C:\Windows;C:\Windows\System32\Wbem;C:\Windows\System32\WindowsPowerShell\v1.0\;C:\Windows\System32\OpenSSH\;C:\Program Files\Intel\WiFi\bin\;C:\Program Files\Common Files\Intel\WirelessCommon\;C:\Program Files (x86)\NVIDIA Corporation\PhysX\Common;C:\Program Files\NVIDIA Corporation\NVIDIA NvDLISR;C:\WINDOWS\system32;C:\WINDOWS;C:\WINDOWS\System32\Wbem;C:\WINDOWS\System32\WindowsPowerShell\v1.0\;C:\WINDOWS\System32\OpenSSH\;C:\Program Files\Bandizip\;C:\Program Files (x86)\Microsoft SQL Server\160\Tools\Binn\;C:\Program Files\Microsoft SQL Server\160\Tools\Binn\;C:\Program Files\Microsoft SQL Server\Client SDK\ODBC\170\Tools\Binn\;C:\Program Files\Microsoft SQL Server\160\DTS\Binn\;C:\Program Files (x86)\Microsoft SQL Server\160\DTS\Binn\;C:\Program Files\Azure Data Studio\bin;C:\Program Files\nodejs\;C:\Program Files\Git\cmd;C:\Program Files\PowerShell\7\;C:\Users\sspea\Downloads\CS;C:\Users\sspea\AppData\Local\Programs\Python\Python311\Scripts\;C:\Users\sspea\AppData\Local\Programs\Python\Python311\;C:\Users\sspea\AppData\Local\Microsoft\WindowsApps;C:\Program Files\Intel\WiFi\bin\;C:\Program Files\Common Files\Intel\WirelessCommon\;;C:\Users\sspea\AppData\Local\Programs\Microsoft VS Code\bin;C:\Program Files\Azure Data Studio\bin;C:\Program Files\JetBrains\IntelliJ IDEA Community Edition 2023.3.3\bin;C:\Program Files\MariaDB 11.4\bin;;C:\Users\sspea\AppData\Roaming\npm;C:\Program Files\Java\jdk-11\bin
Check launcher:	C:\Users\sspea\Downloads\CS\bin\javaw.exe (not found)
Check launcher:	C:\Program Files\Common Files\Oracle\Java\javapath\bin\javaw.exe (not found)
Check launcher:	C:\Users\sspea\Downloads\CS\bin\javaw.exe (not found)
Check launcher:	C:\Windows\system32\bin\javaw.exe (not found)
Check launcher:	C:\Windows\bin\javaw.exe (not found)
Check launcher:	C:\Windows\System32\Wbem\bin\javaw.exe (not found)
Check launcher:	C:\Windows\System32\WindowsPowerShell\v1.0\bin\javaw.exe (not found)
Check launcher:	C:\Windows\System32\OpenSSH\bin\javaw.exe (not found)
Check launcher:	C:\Program Files\Intel\WiFi\bin\bin\javaw.exe (not found)
Check launcher:	C:\Program Files\Common Files\Intel\WirelessCommon\bin\javaw.exe (not found)
Check launcher:	C:\Program Files (x86)\NVIDIA Corporation\PhysX\Common\bin\javaw.exe (not found)
Check launcher:	C:\Program Files\NVIDIA Corporation\NVIDIA NvDLISR\bin\javaw.exe (not found)
Check launcher:	C:\WINDOWS\system32\bin\javaw.exe (not found)
Check launcher:	C:\WINDOWS\bin\javaw.exe (not found)
Check launcher:	C:\WINDOWS\System32\Wbem\bin\javaw.exe (not found)
Check launcher:	C:\WINDOWS\System32\WindowsPowerShell\v1.0\bin\javaw.exe (not found)
Check launcher:	C:\WINDOWS\System32\OpenSSH\bin\javaw.exe (not found)
Check launcher:	C:\Program Files\Bandizip\bin\javaw.exe (not found)
Check launcher:	C:\Program Files (x86)\Microsoft SQL Server\160\Tools\Binn\bin\javaw.exe (not found)
Check launcher:	C:\Program Files\Microsoft SQL Server\160\Tools\Binn\bin\javaw.exe (not found)
Check launcher:	C:\Program Files\Microsoft SQL Server\Client SDK\ODBC\170\Tools\Binn\bin\javaw.exe (not found)
Check launcher:	C:\Program Files\Microsoft SQL Server\160\DTS\Binn\bin\javaw.exe (not found)
Check launcher:	C:\Program Files (x86)\Microsoft SQL Server\160\DTS\Binn\bin\javaw.exe (not found)
Check launcher:	C:\Program Files\Azure Data Studio\bin\javaw.exe (not found)
Check launcher:	C:\Program Files\nodejs\bin\javaw.exe (not found)
Check launcher:	C:\Program Files\Git\cmd\bin\javaw.exe (not found)
Check launcher:	C:\Program Files\PowerShell\7\bin\javaw.exe (not found)
Check launcher:	C:\Users\sspea\Downloads\CS\bin\javaw.exe (not found)
Check launcher:	C:\Users\sspea\AppData\Local\Programs\Python\Python311\Scripts\bin\javaw.exe (not found)
Check launcher:	C:\Users\sspea\AppData\Local\Programs\Python\Python311\bin\javaw.exe (not found)
Check launcher:	C:\Users\sspea\AppData\Local\Microsoft\WindowsApps\bin\javaw.exe (not found)
Check launcher:	C:\Program Files\Intel\WiFi\bin\bin\javaw.exe (not found)
Check launcher:	C:\Program Files\Common Files\Intel\WirelessCommon\bin\javaw.exe (not found)
Check launcher:	C:\Users\sspea\AppData\Local\Programs\Microsoft VS Code\bin\javaw.exe (not found)
Check launcher:	C:\Program Files\Azure Data Studio\bin\javaw.exe (not found)
Check launcher:	C:\Program Files\JetBrains\IntelliJ IDEA Community Edition 2023.3.3\bin\javaw.exe (not found)
Check launcher:	C:\Program Files\MariaDB 11.4\bin\javaw.exe (not found)
Check launcher:	C:\Users\sspea\AppData\Roaming\npm\bin\javaw.exe (not found)
Check launcher:	C:\Program Files\Java\jdk-11\bin\javaw.exe (OK)
Version string: 1.011.000_022 / 64-Bit (OK)
Launcher:	C:\Program Files\Java\jdk-11\bin\javaw.exe
Launcher args:	-jar "C:\Users\sspea\Downloads\CS\untitled\out\artifacts\untitled_jar\Stopwatch.exe"
Args length:	84/32768 chars
Exit code:	0


Version:	3.50
CmdLine:	C:\Users\sspea\Downloads\CS\untitled\out\artifacts\untitled_jar\Stopwatch.exe --l4j-debug
JNI:		No
WOW64:		Yes
Working dir:	C:\Users\sspea\Downloads\CS\untitled\out\artifacts\untitled_jar\.
Requires JDK:	No
Requires 64-Bit: No
Java min ver:	1.011.000
Java max ver:	
Substitute:	JAVA_HOME = C:\Users\sspea\Downloads\CS
Substitute:	PATH = C:\Program Files\Common Files\Oracle\Java\javapath;C:\Users\sspea\Downloads\CS\bin;C:\Windows\system32;C:\Windows;C:\Windows\System32\Wbem;C:\Windows\System32\WindowsPowerShell\v1.0\;C:\Windows\System32\OpenSSH\;C:\Program Files\Intel\WiFi\bin\;C:\Program Files\Common Files\Intel\WirelessCommon\;C:\Program Files (x86)\NVIDIA Corporation\PhysX\Common;C:\Program Files\NVIDIA Corporation\NVIDIA NvDLISR;C:\WINDOWS\system32;C:\WINDOWS;C:\WINDOWS\System32\Wbem;C:\WINDOWS\System32\WindowsPowerShell\v1.0\;C:\WINDOWS\System32\OpenSSH\;C:\Program Files\Bandizip\;C:\Program Files (x86)\Microsoft SQL Server\160\Tools\Binn\;C:\Program Files\Microsoft SQL Server\160\Tools\Binn\;C:\Program Files\Microsoft SQL Server\Client SDK\ODBC\170\Tools\Binn\;C:\Program Files\Microsoft SQL Server\160\DTS\Binn\;C:\Program Files (x86)\Microsoft SQL Server\160\DTS\Binn\;C:\Program Files\Azure Data Studio\bin;C:\Program Files\nodejs\;C:\Program Files\Git\cmd;C:\Program Files\PowerShell\7\;C:\Users\sspea\Downloads\CS;C:\Users\sspea\AppData\Local\Programs\Python\Python311\Scripts\;C:\Users\sspea\AppData\Local\Programs\Python\Python311\;C:\Users\sspea\AppData\Local\Microsoft\WindowsApps;C:\Program Files\Intel\WiFi\bin\;C:\Program Files\Common Files\Intel\WirelessCommon\;;C:\Users\sspea\AppData\Local\Programs\Microsoft VS Code\bin;C:\Program Files\Azure Data Studio\bin;C:\Program Files\JetBrains\IntelliJ IDEA Community Edition 2023.3.3\bin;C:\Program Files\MariaDB 11.4\bin;;C:\Users\sspea\AppData\Roaming\npm;C:\Program Files\Java\jdk-11\bin
JRE paths:	C:\Users\sspea\Downloads\CS;C:\Program Files\Common Files\Oracle\Java\javapath;C:\Users\sspea\Downloads\CS\bin;C:\Windows\system32;C:\Windows;C:\Windows\System32\Wbem;C:\Windows\System32\WindowsPowerShell\v1.0\;C:\Windows\System32\OpenSSH\;C:\Program Files\Intel\WiFi\bin\;C:\Program Files\Common Files\Intel\WirelessCommon\;C:\Program Files (x86)\NVIDIA Corporation\PhysX\Common;C:\Program Files\NVIDIA Corporation\NVIDIA NvDLISR;C:\WINDOWS\system32;C:\WINDOWS;C:\WINDOWS\System32\Wbem;C:\WINDOWS\System32\WindowsPowerShell\v1.0\;C:\WINDOWS\System32\OpenSSH\;C:\Program Files\Bandizip\;C:\Program Files (x86)\Microsoft SQL Server\160\Tools\Binn\;C:\Program Files\Microsoft SQL Server\160\Tools\Binn\;C:\Program Files\Microsoft SQL Server\Client SDK\ODBC\170\Tools\Binn\;C:\Program Files\Microsoft SQL Server\160\DTS\Binn\;C:\Program Files (x86)\Microsoft SQL Server\160\DTS\Binn\;C:\Program Files\Azure Data Studio\bin;C:\Program Files\nodejs\;C:\Program Files\Git\cmd;C:\Program Files\PowerShell\7\;C:\Users\sspea\Downloads\CS;C:\Users\sspea\AppData\Local\Programs\Python\Python311\Scripts\;C:\Users\sspea\AppData\Local\Programs\Python\Python311\;C:\Users\sspea\AppData\Local\Microsoft\WindowsApps;C:\Program Files\Intel\WiFi\bin\;C:\Program Files\Common Files\Intel\WirelessCommon\;;C:\Users\sspea\AppData\Local\Programs\Microsoft VS Code\bin;C:\Program Files\Azure Data Studio\bin;C:\Program Files\JetBrains\IntelliJ IDEA Community Edition 2023.3.3\bin;C:\Program Files\MariaDB 11.4\bin;;C:\Users\sspea\AppData\Roaming\npm;C:\Program Files\Java\jdk-11\bin
Check launcher:	C:\Users\sspea\Downloads\CS\bin\javaw.exe (not found)
Check launcher:	C:\Program Files\Common Files\Oracle\Java\javapath\bin\javaw.exe (not found)
Check launcher:	C:\Users\sspea\Downloads\CS\bin\javaw.exe (not found)
Check launcher:	C:\Windows\system32\bin\javaw.exe (not found)
Check launcher:	C:\Windows\bin\javaw.exe (not found)
Check launcher:	C:\Windows\System32\Wbem\bin\javaw.exe (not found)
Check launcher:	C:\Windows\System32\WindowsPowerShell\v1.0\bin\javaw.exe (not found)
Check launcher:	C:\Windows\System32\OpenSSH\bin\javaw.exe (not found)
Check launcher:	C:\Program Files\Intel\WiFi\bin\bin\javaw.exe (not found)
Check launcher:	C:\Program Files\Common Files\Intel\WirelessCommon\bin\javaw.exe (not found)
Check launcher:	C:\Program Files (x86)\NVIDIA Corporation\PhysX\Common\bin\javaw.exe (not found)
Check launcher:	C:\Program Files\NVIDIA Corporation\NVIDIA NvDLISR\bin\javaw.exe (not found)
Check launcher:	C:\WINDOWS\system32\bin\javaw.exe (not found)
Check launcher:	C:\WINDOWS\bin\javaw.exe (not found)
Check launcher:	C:\WINDOWS\System32\Wbem\bin\javaw.exe (not found)
Check launcher:	C:\WINDOWS\System32\WindowsPowerShell\v1.0\bin\javaw.exe (not found)
Check launcher:	C:\WINDOWS\System32\OpenSSH\bin\javaw.exe (not found)
Check launcher:	C:\Program Files\Bandizip\bin\javaw.exe (not found)
Check launcher:	C:\Program Files (x86)\Microsoft SQL Server\160\Tools\Binn\bin\javaw.exe (not found)
Check launcher:	C:\Program Files\Microsoft SQL Server\160\Tools\Binn\bin\javaw.exe (not found)
Check launcher:	C:\Program Files\Microsoft SQL Server\Client SDK\ODBC\170\Tools\Binn\bin\javaw.exe (not found)
Check launcher:	C:\Program Files\Microsoft SQL Server\160\DTS\Binn\bin\javaw.exe (not found)
Check launcher:	C:\Program Files (x86)\Microsoft SQL Server\160\DTS\Binn\bin\javaw.exe (not found)
Check launcher:	C:\Program Files\Azure Data Studio\bin\javaw.exe (not found)
Check launcher:	C:\Program Files\nodejs\bin\javaw.exe (not found)
Check launcher:	C:\Program Files\Git\cmd\bin\javaw.exe (not found)
Check launcher:	C:\Program Files\PowerShell\7\bin\javaw.exe (not found)
Check launcher:	C:\Users\sspea\Downloads\CS\bin\javaw.exe (not found)
Check launcher:	C:\Users\sspea\AppData\Local\Programs\Python\Python311\Scripts\bin\javaw.exe (not found)
Check launcher:	C:\Users\sspea\AppData\Local\Programs\Python\Python311\bin\javaw.exe (not found)
Check launcher:	C:\Users\sspea\AppData\Local\Microsoft\WindowsApps\bin\javaw.exe (not found)
Check launcher:	C:\Program Files\Intel\WiFi\bin\bin\javaw.exe (not found)
Check launcher:	C:\Program Files\Common Files\Intel\WirelessCommon\bin\javaw.exe (not found)
Check launcher:	C:\Users\sspea\AppData\Local\Programs\Microsoft VS Code\bin\javaw.exe (not found)
Check launcher:	C:\Program Files\Azure Data Studio\bin\javaw.exe (not found)
Check launcher:	C:\Program Files\JetBrains\IntelliJ IDEA Community Edition 2023.3.3\bin\javaw.exe (not found)
Check launcher:	C:\Program Files\MariaDB 11.4\bin\javaw.exe (not found)
Check launcher:	C:\Users\sspea\AppData\Roaming\npm\bin\javaw.exe (not found)
Check launcher:	C:\Program Files\Java\jdk-11\bin\javaw.exe (OK)
Version string: 1.011.000_022 / 64-Bit (OK)
Launcher:	C:\Program Files\Java\jdk-11\bin\javaw.exe
Launcher args:	-jar "C:\Users\sspea\Downloads\CS\untitled\out\artifacts\untitled_jar\Stopwatch.exe"
Args length:	84/32768 chars
Exit code:	0


Version:	3.50
CmdLine:	C:\Users\sspea\Downloads\CS\untitled\out\artifacts\untitled_jar\Stopwatch.exe --l4j-debug
JNI:		No
WOW64:		Yes
Working dir:	C:\Users\sspea\Downloads\CS\untitled\out\artifacts\untitled_jar\.
Requires JDK:	No
Requires 64-Bit: No
Java min ver:	1.008.000
Java max ver:	
JRE paths:	jre1.8_261
Check launcher:	C:\Users\sspea\Downloads\CS\untitled\out\artifacts\untitled_jar\jre1.8_261\bin\javaw.exe (not found)
64-bit search:	SOFTWARE\JavaSoft\Java Runtime Environment...
32-bit search:	SOFTWARE\JavaSoft\Java Runtime Environment...
64-bit search:	SOFTWARE\JavaSoft\Java Development Kit...
32-bit search:	SOFTWARE\JavaSoft\Java Development Kit...
64-bit search:	SOFTWARE\JavaSoft\JRE...
32-bit search:	SOFTWARE\JavaSoft\JRE...
64-bit search:	SOFTWARE\JavaSoft\JDK...
Check:		SOFTWARE\JavaSoft\JDK\11.0.22
Version string: 1.011.000_022 / 64-Bit (OK)
Check launcher:	C:\Program Files\Java\jdk-11\bin\javaw.exe (OK)
Match:		1.011.000_022
Runtime used:	1.011.000_022 (64-bit)
Launcher:	C:\Program Files\Java\jdk-11\bin\javaw.exe
Launcher args:	-jar "C:\Users\sspea\Downloads\CS\untitled\out\artifacts\untitled_jar\Stopwatch.exe"
Args length:	84/32768 chars
Exit code:	0
